<?xml version="1.0" encoding="UTF-8"?>
<testng-results ignored="0" total="4" passed="4" failed="0" skipped="0">
  <reporter-output>
  </reporter-output>
  <suite started-at="2022-03-01T16:02:08 IST" name="Suite1" finished-at="2022-03-01T16:03:31 IST" duration-ms="83035">
    <groups>
    </groups>
    <test started-at="2022-03-01T16:02:08 IST" name="TestNgScripts2" finished-at="2022-03-01T16:02:58 IST" duration-ms="50596">
      <class name="com.QA.SeleniumScript.BforeAfterClass">
        <test-method is-config="true" signature="startbrowser()[pri:0, instance:com.QA.SeleniumScript.BforeAfterClass@dbf57b3]" started-at="2022-03-01T16:02:08 IST" name="startbrowser" finished-at="2022-03-01T16:02:14 IST" duration-ms="6166" status="PASS">
          <reporter-output>
          </reporter-output>
        </test-method> <!-- startbrowser -->
        <test-method signature="TestWikiHomepage()[pri:49, instance:com.QA.SeleniumScript.BforeAfterClass@dbf57b3]" started-at="2022-03-01T16:02:14 IST" name="TestWikiHomepage" finished-at="2022-03-01T16:02:57 IST" duration-ms="42867" status="PASS">
          <reporter-output>
          </reporter-output>
        </test-method> <!-- TestWikiHomepage -->
        <test-method signature="TestWikiLoginPage()[pri:50, instance:com.QA.SeleniumScript.BforeAfterClass@dbf57b3]" started-at="2022-03-01T16:02:57 IST" name="TestWikiLoginPage" finished-at="2022-03-01T16:02:58 IST" duration-ms="1211" status="PASS">
          <reporter-output>
          </reporter-output>
        </test-method> <!-- TestWikiLoginPage -->
        <test-method is-config="true" signature="closeBrowser()[pri:0, instance:com.QA.SeleniumScript.BforeAfterClass@dbf57b3]" started-at="2022-03-01T16:02:58 IST" name="closeBrowser" finished-at="2022-03-01T16:02:58 IST" duration-ms="303" status="PASS">
          <reporter-output>
          </reporter-output>
        </test-method> <!-- closeBrowser -->
      </class> <!-- com.QA.SeleniumScript.BforeAfterClass -->
    </test> <!-- TestNgScripts2 -->
    <test started-at="2022-03-01T16:02:08 IST" name="TestNgScripts1" finished-at="2022-03-01T16:03:31 IST" duration-ms="83035">
      <class name="com.QA.SeleniumScript.afterbeforeDemo">
        <test-method is-config="true" signature="startbrowser()[pri:0, instance:com.QA.SeleniumScript.afterbeforeDemo@be64738]" started-at="2022-03-01T16:02:08 IST" name="startbrowser" finished-at="2022-03-01T16:02:14 IST" duration-ms="6062" status="PASS">
          <reporter-output>
          </reporter-output>
        </test-method> <!-- startbrowser -->
        <test-method signature="TestWikiHomepage()[pri:49, instance:com.QA.SeleniumScript.afterbeforeDemo@be64738]" started-at="2022-03-01T16:02:14 IST" name="TestWikiHomepage" finished-at="2022-03-01T16:02:57 IST" duration-ms="43191" status="PASS">
          <reporter-output>
          </reporter-output>
        </test-method> <!-- TestWikiHomepage -->
        <test-method is-config="true" signature="closeBrowser()[pri:0, instance:com.QA.SeleniumScript.afterbeforeDemo@be64738]" started-at="2022-03-01T16:02:57 IST" name="closeBrowser" finished-at="2022-03-01T16:02:57 IST" duration-ms="171" status="PASS">
          <reporter-output>
          </reporter-output>
        </test-method> <!-- closeBrowser -->
        <test-method is-config="true" signature="startbrowser()[pri:0, instance:com.QA.SeleniumScript.afterbeforeDemo@be64738]" started-at="2022-03-01T16:02:57 IST" name="startbrowser" finished-at="2022-03-01T16:03:01 IST" duration-ms="4347" status="PASS">
          <reporter-output>
          </reporter-output>
        </test-method> <!-- startbrowser -->
        <test-method signature="TestWikiLoginPage()[pri:50, instance:com.QA.SeleniumScript.afterbeforeDemo@be64738]" started-at="2022-03-01T16:03:01 IST" name="TestWikiLoginPage" finished-at="2022-03-01T16:03:31 IST" duration-ms="29084" status="PASS">
          <reporter-output>
          </reporter-output>
        </test-method> <!-- TestWikiLoginPage -->
        <test-method is-config="true" signature="closeBrowser()[pri:0, instance:com.QA.SeleniumScript.afterbeforeDemo@be64738]" started-at="2022-03-01T16:03:31 IST" name="closeBrowser" finished-at="2022-03-01T16:03:31 IST" duration-ms="117" status="PASS">
          <reporter-output>
          </reporter-output>
        </test-method> <!-- closeBrowser -->
      </class> <!-- com.QA.SeleniumScript.afterbeforeDemo -->
    </test> <!-- TestNgScripts1 -->
  </suite> <!-- Suite1 -->
</testng-results>
